<?xml version="1.0" encoding="UTF-8"?>
<!-- Generated by org.testng.reporters.JUnitXMLReporter -->
<testsuite ignored="0" hostname="INL-J8Y5V44" failures="0" tests="1" name="Test" time="0.038" errors="0" timestamp="2025-01-18T19:02:16 IST">
  <testcase classname="Blazedemo.tests.FlightBookingConfirmationTest" name="@BeforeMethod setup" time="0.006">
    <failure type="java.io.FileNotFoundException" message="C:\Users\yashaswi.ramappa\eclipse-workspace\Demo\src\main\java\Blazedemo\main\Inputs.properties (The system cannot find the path specified)">
      <![CDATA[java.io.FileNotFoundException: C:\Users\yashaswi.ramappa\eclipse-workspace\Demo\src\main\java\Blazedemo\main\Inputs.properties (The system cannot find the path specified)
at java.base/java.io.FileInputStream.open0(Native Method)
at java.base/java.io.FileInputStream.open(FileInputStream.java:219)
at java.base/java.io.FileInputStream.<init>(FileInputStream.java:159)
at java.base/java.io.FileInputStream.<init>(FileInputStream.java:112)
at Blazedemo.main.Base.BrowserSelection(Base.java:25)
at Blazedemo.main.Base.initialization(Base.java:51)
at Blazedemo.tests.FlightBookingConfirmationTest.setup(FlightBookingConfirmationTest.java:23)
at java.base/java.util.ArrayList.forEach(ArrayList.java:1597)
... Removed 29 stack frames]]>
    </failure>
  </testcase> <!-- @BeforeMethod setup -->
  <testcase classname="Blazedemo.main.Base" name="@AfterMethod closeBrowser" time="0.0">
    <skipped/>
  </testcase> <!-- @AfterMethod closeBrowser -->
  <testcase classname="Blazedemo.tests.FlightBookingConfirmationTest" name="TC1_ValidateFlightBookingConfirmationBySelectingLowestPriceFlight" time="0.0">
    <skipped/>
  </testcase> <!-- TC1_ValidateFlightBookingConfirmationBySelectingLowestPriceFlight -->
</testsuite> <!-- Test -->
